<?xml version="1.0" encoding="UTF-8"?>
<testng-results ignored="0" total="1" passed="1" failed="0" skipped="0">
  <reporter-output>
  </reporter-output>
  <suite started-at="2023-11-24T00:36:42 CET" name="Default suite" finished-at="2023-11-24T00:36:51 CET" duration-ms="9112">
    <groups>
    </groups>
    <test started-at="2023-11-24T00:36:42 CET" name="Default test" finished-at="2023-11-24T00:36:51 CET" duration-ms="9112">
      <class name="Tests.LoginTest">
        <test-method is-config="true" signature="setUptest()[pri:0, instance:Tests.LoginTest@17f62e33]" started-at="2023-11-24T00:36:42 CET" name="setUptest" finished-at="2023-11-24T00:36:44 CET" duration-ms="2503" status="PASS">
          <reporter-output>
          </reporter-output>
        </test-method> <!-- setUptest -->
        <test-method signature="ValidatedProductinCart()[pri:0, instance:Tests.LoginTest@17f62e33]" started-at="2023-11-24T00:36:45 CET" name="ValidatedProductinCart" finished-at="2023-11-24T00:36:48 CET" duration-ms="3387" status="PASS">
          <reporter-output>
          </reporter-output>
        </test-method> <!-- ValidatedProductinCart -->
        <test-method is-config="true" signature="LogOut()[pri:0, instance:Tests.LoginTest@17f62e33]" started-at="2023-11-24T00:36:48 CET" name="LogOut" finished-at="2023-11-24T00:36:51 CET" duration-ms="3196" status="PASS">
          <reporter-output>
          </reporter-output>
        </test-method> <!-- LogOut -->
      </class> <!-- Tests.LoginTest -->
    </test> <!-- Default test -->
  </suite> <!-- Default suite -->
</testng-results>
